<?xml version="1.0" encoding="UTF-8"?>
<testsuite name="pt.isel.ls.handlers.ActivitiesTest" tests="6" skipped="0" failures="0" errors="0" timestamp="2021-07-03T12:23:54" hostname="MBPdeFrancisco.lan" time="0.492">
  <properties/>
  <testcase name="getActivitiesByTopDesc" classname="pt.isel.ls.handlers.ActivitiesTest" time="0.09"/>
  <testcase name="getActivitiesBySports" classname="pt.isel.ls.handlers.ActivitiesTest" time="0.075"/>
  <testcase name="getActivitiesByTopAsc" classname="pt.isel.ls.handlers.ActivitiesTest" time="0.077"/>
  <testcase name="postActivities" classname="pt.isel.ls.handlers.ActivitiesTest" time="0.104"/>
  <testcase name="getActivitiesById" classname="pt.isel.ls.handlers.ActivitiesTest" time="0.072"/>
  <testcase name="getActivitiesByUser" classname="pt.isel.ls.handlers.ActivitiesTest" time="0.072"/>
  <system-out><![CDATA[]]></system-out>
  <system-err><![CDATA[]]></system-err>
</testsuite>
