<?xml version="1.0" encoding="UTF-8"?>
<testsuite name="pt.isel.ls.visual.JsonTest" tests="1" skipped="0" failures="0" errors="0" timestamp="2021-07-03T12:23:53" hostname="MBPdeFrancisco.lan" time="0.013">
  <properties/>
  <testcase name="jsontest" classname="pt.isel.ls.visual.JsonTest" time="0.013"/>
  <system-out><![CDATA[]]></system-out>
  <system-err><![CDATA[]]></system-err>
</testsuite>
