<?xml version="1.0" encoding="UTF-8"?>
<testsuite name="pt.isel.ls.handlers.RoutesTest" tests="2" skipped="0" failures="0" errors="0" timestamp="2021-07-03T12:23:54" hostname="MBPdeFrancisco.lan" time="0.13">
  <properties/>
  <testcase name="getRoutes" classname="pt.isel.ls.handlers.RoutesTest" time="0.058"/>
  <testcase name="postRouteAndGetRouteById" classname="pt.isel.ls.handlers.RoutesTest" time="0.072"/>
  <system-out><![CDATA[]]></system-out>
  <system-err><![CDATA[]]></system-err>
</testsuite>
