<?xml version="1.0" encoding="UTF-8"?>
<testsuite name="pt.isel.ls.visual.HtmlTest" tests="1" skipped="0" failures="0" errors="0" timestamp="2021-07-03T12:23:53" hostname="MBPdeFrancisco.lan" time="0.011">
  <properties/>
  <testcase name="htmltest" classname="pt.isel.ls.visual.HtmlTest" time="0.011"/>
  <system-out><![CDATA[]]></system-out>
  <system-err><![CDATA[]]></system-err>
</testsuite>
