<?xml version="1.0" encoding="UTF-8"?>
<testsuite name="pt.isel.ls.handlers.SportsTest" tests="2" skipped="0" failures="0" errors="0" timestamp="2021-07-03T12:23:54" hostname="MBPdeFrancisco.lan" time="0.117">
  <properties/>
  <testcase name="postSportAndGetByID" classname="pt.isel.ls.handlers.SportsTest" time="0.065"/>
  <testcase name="getSports" classname="pt.isel.ls.handlers.SportsTest" time="0.052"/>
  <system-out><![CDATA[]]></system-out>
  <system-err><![CDATA[]]></system-err>
</testsuite>
