<?xml version="1.0" encoding="UTF-8"?>
<testsuite name="pt.isel.ls.handlers.Users" tests="2" skipped="0" failures="0" errors="0" timestamp="2021-07-03T12:23:53" hostname="MBPdeFrancisco.lan" time="0.444">
  <properties/>
  <testcase name="postUserAndGetUserById" classname="pt.isel.ls.handlers.Users" time="0.368"/>
  <testcase name="getUsers" classname="pt.isel.ls.handlers.Users" time="0.076"/>
  <system-out><![CDATA[]]></system-out>
  <system-err><![CDATA[]]></system-err>
</testsuite>
